#
# A fatal error has been detected by the Java Runtime Environment:
#
#  EXCEPTION_ACCESS_VIOLATION (0xc0000005) at pc=0x000007fec3ca8c07, pid=17244, tid=0x0000000000002c50
#
# JRE version: Java(TM) SE Runtime Environment (8.0_181-b13) (build 1.8.0_181-b13)
# Java VM: Java HotSpot(TM) 64-Bit Server VM (25.181-b13 mixed mode windows-amd64 compressed oops)
# Problematic frame:
# C  [ig8icd64.dll+0x4f8c07]
#
# Failed to write core dump. Minidumps are not enabled by default on client versions of Windows
#
# If you would like to submit a bug report, please visit:
#   http://bugreport.java.com/bugreport/crash.jsp
# The crash happened outside the Java Virtual Machine in native code.
# See problematic frame for where to report the bug.
#

---------------  T H R E A D  ---------------

Current thread (0x000000001923c800):  JavaThread "LWJGL Application" [_thread_in_native, id=11344, stack(0x000000001aa10000,0x000000001ab10000)]

siginfo: ExceptionCode=0xc0000005, reading address 0x0000000000000000

Registers:
RAX=0x0000000000000000, RBX=0x00000001bca5edd0, RCX=0x0000000000000003, RDX=0x000000001b8c0040
RSP=0x000000001ab0ee40, RBP=0x000000001a154440, RSI=0x00000001bca5ed70, RDI=0x000000001b8c0040
R8 =0x0000000000000000, R9 =0x000000001b9110f0, R10=0x000000000032bc00, R11=0x0000006d1e85006c
R12=0x0000000000000000, R13=0x0000000016b1ddb8, R14=0x00000001bca5ee10, R15=0x0000000000000000
RIP=0x000007fec3ca8c07, EFLAGS=0x0000000000010246

Top of Stack: (sp=0x000000001ab0ee40)
0x000000001ab0ee40:   0000000000000000 00000001c65737d0
0x000000001ab0ee50:   0000000000000003 000000001a18a6c0
0x000000001ab0ee60:   000000000001bbd0 0000000000000000
0x000000001ab0ee70:   00000001bca5edd0 000007fec3ca88ff
0x000000001ab0ee80:   000000001b8c0040 000000001a18a6c0
0x000000001ab0ee90:   000000001b8c0040 0000000000000000
0x000000001ab0eea0:   000000001a1825b0 000007fec392b29d
0x000000001ab0eeb0:   00000001bcdbf230 000007fec3bc7506
0x000000001ab0eec0:   00000001c66eb228 000000001a18a6c0
0x000000001ab0eed0:   000000001b8c0040 000007fec3928527
0x000000001ab0eee0:   00000001c6573ab8 00000001bcdbf230
0x000000001ab0eef0:   000007fec3dccde0 0000000000003700
0x000000001ab0ef00:   00000001c6573a40 000007fec3928c03
0x000000001ab0ef10:   000000001a18a6c0 0000000000000007
0x000000001ab0ef20:   000000001a18a6c0 0000000000003779
0x000000001ab0ef30:   000000001a18a6c0 000007fec392aa51 

Instructions: (pc=0x000007fec3ca8c07)
0x000007fec3ca8be7:   01 74 10 48 8d 4f 18 48 83 c4 30 5f 48 ff 25 66
0x000007fec3ca8bf7:   08 08 00 48 83 c4 30 5f c3 48 8b 85 38 83 02 00
0x000007fec3ca8c07:   48 8b 08 48 39 4b 10 0f 87 65 ff ff ff 48 8b 85
0x000007fec3ca8c17:   38 83 02 00 48 8b 08 48 39 4b 18 0f 87 51 ff ff 


Register to memory mapping:

RAX=0x0000000000000000 is an unknown value
RBX=0x00000001bca5edd0 is an unknown value
RCX=0x0000000000000003 is an unknown value
RDX=0x000000001b8c0040 is an unknown value
RSP=0x000000001ab0ee40 is pointing into the stack for thread: 0x000000001923c800
RBP=0x000000001a154440 is an unknown value
RSI=0x00000001bca5ed70 is an unknown value
RDI=0x000000001b8c0040 is an unknown value
R8 =0x0000000000000000 is an unknown value
R9 =0x000000001b9110f0 is an unknown value
R10=0x000000000032bc00 is an unknown value
R11=0x0000006d1e85006c is an unknown value
R12=0x0000000000000000 is an unknown value
R13=0x0000000016b1ddb8 is pointing into metadata
R14=0x00000001bca5ee10 is an unknown value
R15=0x0000000000000000 is an unknown value


Stack: [0x000000001aa10000,0x000000001ab10000],  sp=0x000000001ab0ee40,  free space=1019k
Native frames: (J=compiled Java code, j=interpreted, Vv=VM code, C=native code)
C  [ig8icd64.dll+0x4f8c07]
C  [ig8icd64.dll+0x4f88ff]
C  [ig8icd64.dll+0x17b29d]
C  [ig8icd64.dll+0x178527]
C  [ig8icd64.dll+0x178c03]
C  [ig8icd64.dll+0x17aa50]
C  [ig8icd64.dll+0x17b078]
C  [ig8icd64.dll+0x25f779]
C  [ig8icd64.dll+0x1e0b92]
C  [ig8icd64.dll+0x36c7]
C  [ig8icd64.dll+0x4aa6]
C  [ig8icd64.dll+0x4e4ff4]
C  [OPENGL32.dll+0x28c50]
C  0x00000000024a8c67

Java frames: (J=compiled Java code, j=interpreted, Vv=VM code)
j  org.lwjgl.opengl.WindowsContextImplementation.nDestroy(Ljava/nio/ByteBuffer;)V+0
j  org.lwjgl.opengl.WindowsContextImplementation.destroy(Lorg/lwjgl/opengl/PeerInfo;Ljava/nio/ByteBuffer;)V+1
j  org.lwjgl.opengl.ContextGL.checkDestroy()V+29
j  org.lwjgl.opengl.ContextGL.destroy()V+37
j  org.lwjgl.opengl.ContextGL.forceDestroy()V+5
j  org.lwjgl.opengl.DrawableGL.destroy()V+24
j  org.lwjgl.opengl.Display$5.destroy()V+19
j  org.lwjgl.opengl.Display.destroy()V+9
j  com.badlogic.gdx.backends.lwjgl.LwjglApplication.mainLoop()V+851
j  com.badlogic.gdx.backends.lwjgl.LwjglApplication$1.run()V+27
v  ~StubRoutines::call_stub

---------------  P R O C E S S  ---------------

Java Threads: ( => current thread )
  0x0000000019483000 JavaThread "LWJGL Timer" daemon [_thread_blocked, id=19000, stack(0x000000001fad0000,0x000000001fbd0000)]
  0x000000000212f000 JavaThread "DestroyJavaVM" [_thread_blocked, id=10568, stack(0x0000000002240000,0x0000000002340000)]
=>0x000000001923c800 JavaThread "LWJGL Application" [_thread_in_native, id=11344, stack(0x000000001aa10000,0x000000001ab10000)]
  0x00000000184c3800 JavaThread "Service Thread" daemon [_thread_blocked, id=12272, stack(0x00000000190c0000,0x00000000191c0000)]
  0x000000001703e800 JavaThread "C1 CompilerThread2" daemon [_thread_blocked, id=15776, stack(0x0000000018f20000,0x0000000019020000)]
  0x0000000017039000 JavaThread "C2 CompilerThread1" daemon [_thread_blocked, id=18544, stack(0x0000000018cb0000,0x0000000018db0000)]
  0x0000000018436000 JavaThread "C2 CompilerThread0" daemon [_thread_blocked, id=16548, stack(0x0000000018b20000,0x0000000018c20000)]
  0x0000000018434000 JavaThread "Attach Listener" daemon [_thread_blocked, id=16588, stack(0x0000000018970000,0x0000000018a70000)]
  0x0000000018430800 JavaThread "Signal Dispatcher" daemon [_thread_blocked, id=19156, stack(0x0000000018180000,0x0000000018280000)]
  0x000000001701e000 JavaThread "Finalizer" daemon [_thread_blocked, id=17308, stack(0x0000000018330000,0x0000000018430000)]
  0x0000000016fd4800 JavaThread "Reference Handler" daemon [_thread_blocked, id=18472, stack(0x0000000018050000,0x0000000018150000)]

Other Threads:
  0x0000000016fcd000 VMThread [stack: 0x0000000017f50000,0x0000000018050000] [id=18588]
  0x00000000184cf000 WatcherThread [stack: 0x0000000018860000,0x0000000018960000] [id=18796]

VM state:not at safepoint (normal execution)

VM Mutex/Monitor currently owned by a thread: None

Heap:
 PSYoungGen      total 441856K, used 96996K [0x00000000d6e00000, 0x00000000f6480000, 0x0000000100000000)
  eden space 396800K, 15% used [0x00000000d6e00000,0x00000000dab28ca8,0x00000000ef180000)
  from space 45056K, 76% used [0x00000000f3880000,0x00000000f5a106a8,0x00000000f6480000)
  to   space 58880K, 0% used [0x00000000ef180000,0x00000000ef180000,0x00000000f2b00000)
 ParOldGen       total 119296K, used 78984K [0x0000000084a00000, 0x000000008be80000, 0x00000000d6e00000)
  object space 119296K, 66% used [0x0000000084a00000,0x00000000897222a8,0x000000008be80000)
 Metaspace       used 12476K, capacity 12641K, committed 12800K, reserved 1060864K
  class space    used 1205K, capacity 1279K, committed 1280K, reserved 1048576K

Card table byte_map: [0x0000000011850000,0x0000000011c30000] byte_map_base: 0x000000001142b000

Marking Bits: (ParMarkBitMap*) 0x0000000070ab2d00
 Begin Bits: [0x00000000124b0000, 0x0000000014388000)
 End Bits:   [0x0000000014388000, 0x0000000016260000)

Polling page: 0x0000000000130000

CodeCache: size=245760Kb used=9174Kb max_used=9188Kb free=236585Kb
 bounds [0x0000000002490000, 0x0000000002dd0000, 0x0000000011490000]
 total_blobs=2855 nmethods=2313 adapters=454
 compilation: enabled

Compilation events (10 events):
Event: 337.845 Thread 0x000000001703e800 2798       3       org.lwjgl.opengl.WindowsDisplay::doHandleMessage (970 bytes)
Event: 337.851 Thread 0x000000001703e800 nmethod 2798 0x0000000002808c90 code [0x0000000002809100, 0x000000000280b4c8]
Event: 406.088 Thread 0x0000000018436000 2799       4       com.badlogic.gdx.scenes.scene2d.ui.Window::hit (128 bytes)
Event: 406.099 Thread 0x0000000018436000 nmethod 2799 0x00000000027f2cd0 code [0x00000000027f2e80, 0x00000000027f3518]
Event: 464.246 Thread 0x000000001703e800 2800       3       com.badlogic.gdx.backends.lwjgl.audio.OpenALAudio::update (43 bytes)
Event: 464.246 Thread 0x000000001703e800 nmethod 2800 0x0000000002c7b190 code [0x0000000002c7b320, 0x0000000002c7b748]
Event: 519.232 Thread 0x0000000017039000 2801   !   4       com.badlogic.gdx.backends.lwjgl.audio.Mp3$Music::read (213 bytes)
Event: 519.306 Thread 0x0000000017039000 nmethod 2801 0x0000000002663c10 code [0x0000000002663f60, 0x0000000002665b00]
Event: 526.629 Thread 0x0000000018436000 2802   !   4       org.lwjgl.opengl.Display::update (154 bytes)
Event: 526.653 Thread 0x0000000018436000 nmethod 2802 0x0000000002c47750 code [0x0000000002c47940, 0x0000000002c48780]

GC Heap History (10 events):
Event: 26.879 GC heap before
{Heap before GC invocations=9 (full 1):
 PSYoungGen      total 269312K, used 25076K [0x00000000d6e00000, 0x00000000eaa00000, 0x0000000100000000)
  eden space 244224K, 0% used [0x00000000d6e00000,0x00000000d6e00000,0x00000000e5c80000)
  from space 25088K, 99% used [0x00000000e7e80000,0x00000000e96fd0d0,0x00000000e9700000)
  to   space 34816K, 0% used [0x00000000e5c80000,0x00000000e5c80000,0x00000000e7e80000)
 ParOldGen       total 84992K, used 65028K [0x0000000084a00000, 0x0000000089d00000, 0x00000000d6e00000)
  object space 84992K, 76% used [0x0000000084a00000,0x0000000088981098,0x0000000089d00000)
 Metaspace       used 11835K, capacity 12009K, committed 12288K, reserved 1060864K
  class space    used 1173K, capacity 1243K, committed 1280K, reserved 1048576K
Event: 27.613 GC heap after
Heap after GC invocations=9 (full 1):
 PSYoungGen      total 269312K, used 0K [0x00000000d6e00000, 0x00000000eaa00000, 0x0000000100000000)
  eden space 244224K, 0% used [0x00000000d6e00000,0x00000000d6e00000,0x00000000e5c80000)
  from space 25088K, 0% used [0x00000000e7e80000,0x00000000e7e80000,0x00000000e9700000)
  to   space 34816K, 0% used [0x00000000e5c80000,0x00000000e5c80000,0x00000000e7e80000)
 ParOldGen       total 119296K, used 54355K [0x0000000084a00000, 0x000000008be80000, 0x00000000d6e00000)
  object space 119296K, 45% used [0x0000000084a00000,0x0000000087f14fd8,0x000000008be80000)
 Metaspace       used 11835K, capacity 12009K, committed 12288K, reserved 1060864K
  class space    used 1173K, capacity 1243K, committed 1280K, reserved 1048576K
}
Event: 40.963 GC heap before
{Heap before GC invocations=10 (full 1):
 PSYoungGen      total 269312K, used 242920K [0x00000000d6e00000, 0x00000000eaa00000, 0x0000000100000000)
  eden space 244224K, 99% used [0x00000000d6e00000,0x00000000e5b3a048,0x00000000e5c80000)
  from space 25088K, 0% used [0x00000000e7e80000,0x00000000e7e80000,0x00000000e9700000)
  to   space 34816K, 0% used [0x00000000e5c80000,0x00000000e5c80000,0x00000000e7e80000)
 ParOldGen       total 119296K, used 54355K [0x0000000084a00000, 0x000000008be80000, 0x00000000d6e00000)
  object space 119296K, 45% used [0x0000000084a00000,0x0000000087f14fd8,0x000000008be80000)
 Metaspace       used 11863K, capacity 12009K, committed 12288K, reserved 1060864K
  class space    used 1173K, capacity 1243K, committed 1280K, reserved 1048576K
Event: 41.041 GC heap after
Heap after GC invocations=10 (full 1):
 PSYoungGen      total 279040K, used 34594K [0x00000000d6e00000, 0x00000000efc00000, 0x0000000100000000)
  eden space 244224K, 0% used [0x00000000d6e00000,0x00000000d6e00000,0x00000000e5c80000)
  from space 34816K, 99% used [0x00000000e5c80000,0x00000000e7e48a70,0x00000000e7e80000)
  to   space 39424K, 0% used [0x00000000ed580000,0x00000000ed580000,0x00000000efc00000)
 ParOldGen       total 119296K, used 54363K [0x0000000084a00000, 0x000000008be80000, 0x00000000d6e00000)
  object space 119296K, 45% used [0x0000000084a00000,0x0000000087f16fd8,0x000000008be80000)
 Metaspace       used 11863K, capacity 12009K, committed 12288K, reserved 1060864K
  class space    used 1173K, capacity 1243K, committed 1280K, reserved 1048576K
}
Event: 54.682 GC heap before
{Heap before GC invocations=11 (full 1):
 PSYoungGen      total 279040K, used 278818K [0x00000000d6e00000, 0x00000000efc00000, 0x0000000100000000)
  eden space 244224K, 100% used [0x00000000d6e00000,0x00000000e5c80000,0x00000000e5c80000)
  from space 34816K, 99% used [0x00000000e5c80000,0x00000000e7e48a70,0x00000000e7e80000)
  to   space 39424K, 0% used [0x00000000ed580000,0x00000000ed580000,0x00000000efc00000)
 ParOldGen       total 119296K, used 54363K [0x0000000084a00000, 0x000000008be80000, 0x00000000d6e00000)
  object space 119296K, 45% used [0x0000000084a00000,0x0000000087f16fd8,0x000000008be80000)
 Metaspace       used 12241K, capacity 12417K, committed 12544K, reserved 1060864K
  class space    used 1186K, capacity 1247K, committed 1280K, reserved 1048576K
Event: 54.794 GC heap after
Heap after GC invocations=11 (full 1):
 PSYoungGen      total 360448K, used 37960K [0x00000000d6e00000, 0x00000000efe80000, 0x0000000100000000)
  eden space 321024K, 0% used [0x00000000d6e00000,0x00000000d6e00000,0x00000000ea780000)
  from space 39424K, 96% used [0x00000000ed580000,0x00000000efa923b0,0x00000000efc00000)
  to   space 44544K, 0% used [0x00000000ea780000,0x00000000ea780000,0x00000000ed300000)
 ParOldGen       total 119296K, used 54371K [0x0000000084a00000, 0x000000008be80000, 0x00000000d6e00000)
  object space 119296K, 45% used [0x0000000084a00000,0x0000000087f18fd8,0x000000008be80000)
 Metaspace       used 12241K, capacity 12417K, committed 12544K, reserved 1060864K
  class space    used 1186K, capacity 1247K, committed 1280K, reserved 1048576K
}
Event: 79.743 GC heap before
{Heap before GC invocations=12 (full 1):
 PSYoungGen      total 360448K, used 358984K [0x00000000d6e00000, 0x00000000efe80000, 0x0000000100000000)
  eden space 321024K, 100% used [0x00000000d6e00000,0x00000000ea780000,0x00000000ea780000)
  from space 39424K, 96% used [0x00000000ed580000,0x00000000efa923b0,0x00000000efc00000)
  to   space 44544K, 0% used [0x00000000ea780000,0x00000000ea780000,0x00000000ed300000)
 ParOldGen       total 119296K, used 54371K [0x0000000084a00000, 0x000000008be80000, 0x00000000d6e00000)
  object space 119296K, 45% used [0x0000000084a00000,0x0000000087f18fd8,0x000000008be80000)
 Metaspace       used 12306K, capacity 12481K, committed 12800K, reserved 1060864K
  class space    used 1187K, capacity 1247K, committed 1280K, reserved 1048576K
Event: 79.854 GC heap after
Heap after GC invocations=12 (full 1):
 PSYoungGen      total 365568K, used 44518K [0x00000000d6e00000, 0x00000000f7280000, 0x0000000100000000)
  eden space 321024K, 0% used [0x00000000d6e00000,0x00000000d6e00000,0x00000000ea780000)
  from space 44544K, 99% used [0x00000000ea780000,0x00000000ed2f9b98,0x00000000ed300000)
  to   space 59392K, 0% used [0x00000000f3880000,0x00000000f3880000,0x00000000f7280000)
 ParOldGen       total 119296K, used 77314K [0x0000000084a00000, 0x000000008be80000, 0x00000000d6e00000)
  object space 119296K, 64% used [0x0000000084a00000,0x0000000089580b60,0x000000008be80000)
 Metaspace       used 12306K, capacity 12481K, committed 12800K, reserved 1060864K
  class space    used 1187K, capacity 1247K, committed 1280K, reserved 1048576K
}
Event: 260.048 GC heap before
{Heap before GC invocations=13 (full 1):
 PSYoungGen      total 365568K, used 365542K [0x00000000d6e00000, 0x00000000f7280000, 0x0000000100000000)
  eden space 321024K, 100% used [0x00000000d6e00000,0x00000000ea780000,0x00000000ea780000)
  from space 44544K, 99% used [0x00000000ea780000,0x00000000ed2f9b98,0x00000000ed300000)
  to   space 59392K, 0% used [0x00000000f3880000,0x00000000f3880000,0x00000000f7280000)
 ParOldGen       total 119296K, used 77314K [0x0000000084a00000, 0x000000008be80000, 0x00000000d6e00000)
  object space 119296K, 64% used [0x0000000084a00000,0x0000000089580b60,0x000000008be80000)
 Metaspace       used 12473K, capacity 12641K, committed 12800K, reserved 1060864K
  class space    used 1204K, capacity 1279K, committed 1280K, reserved 1048576K
Event: 260.130 GC heap after
Heap after GC invocations=13 (full 1):
 PSYoungGen      total 441856K, used 34369K [0x00000000d6e00000, 0x00000000f6480000, 0x0000000100000000)
  eden space 396800K, 0% used [0x00000000d6e00000,0x00000000d6e00000,0x00000000ef180000)
  from space 45056K, 76% used [0x00000000f3880000,0x00000000f5a106a8,0x00000000f6480000)
  to   space 58880K, 0% used [0x00000000ef180000,0x00000000ef180000,0x00000000f2b00000)
 ParOldGen       total 119296K, used 78984K [0x0000000084a00000, 0x000000008be80000, 0x00000000d6e00000)
  object space 119296K, 66% used [0x0000000084a00000,0x00000000897222a8,0x000000008be80000)
 Metaspace       used 12473K, capacity 12641K, committed 12800K, reserved 1060864K
  class space    used 1204K, capacity 1279K, committed 1280K, reserved 1048576K
}

Deoptimization events (10 events):
Event: 199.978 Thread 0x000000001923c800 Uncommon trap: reason=unstable_if action=reinterpret pc=0x0000000002d58bc8 method=com.badlogic.gdx.scenes.scene2d.Actor.setPosition(FF)V @ 15
Event: 221.032 Thread 0x000000001923c800 Uncommon trap: reason=unstable_if action=reinterpret pc=0x0000000002a5e74c method=com.badlogic.gdx.scenes.scene2d.ui.Window.hit(FFZ)Lcom/badlogic/gdx/scenes/scene2d/Actor; @ 51
Event: 225.404 Thread 0x000000001923c800 Uncommon trap: reason=null_check action=make_not_entrant pc=0x0000000002c50494 method=com.badlogic.gdx.utils.ObjectSet.contains(Ljava/lang/Object;)Z @ 19
Event: 225.849 Thread 0x000000001923c800 Uncommon trap: reason=null_check action=make_not_entrant pc=0x0000000002973708 method=com.badlogic.gdx.utils.ObjectSet.contains(Ljava/lang/Object;)Z @ 38
Event: 226.309 Thread 0x000000001923c800 Uncommon trap: reason=null_check action=make_not_entrant pc=0x0000000002b418c8 method=com.badlogic.gdx.utils.ObjectSet.contains(Ljava/lang/Object;)Z @ 57
Event: 259.603 Thread 0x000000001923c800 Uncommon trap: reason=unstable_if action=reinterpret pc=0x000000000296d210 method=org.lwjgl.opengl.WindowsDisplay.doHandleMessage(JIJJJ)J @ 405
Event: 260.582 Thread 0x000000001923c800 Uncommon trap: reason=unstable_if action=reinterpret pc=0x0000000002aec56c method=org.lwjgl.opengl.WindowsDisplay.isVisible()Z @ 4
Event: 456.747 Thread 0x000000001923c800 Uncommon trap: reason=unstable_if action=reinterpret pc=0x0000000002c276b0 method=com.badlogic.gdx.backends.lwjgl.audio.OpenALMusic.update()V @ 157
Event: 559.738 Thread 0x000000001923c800 Uncommon trap: reason=unstable_if action=reinterpret pc=0x0000000002c482f8 method=org.lwjgl.opengl.Display.update(Z)V @ 80
Event: 560.733 Thread 0x000000001923c800 Uncommon trap: reason=unstable_if action=reinterpret pc=0x0000000002c42ed4 method=com.badlogic.gdx.backends.lwjgl.LwjglApplication.executeRunnables()Z @ 18

Classes redefined (0 events):
No events

Internal exceptions (10 events):
Event: 1.134 Thread 0x000000000212f000 Exception <a 'java/security/PrivilegedActionException'> (0x00000000d7302e10) thrown at [C:\re\workspace\8-2-build-windows-amd64-cygwin\jdk8u181\11358\hotspot\src\share\vm\prims\jvm.cpp, line 1435]
Event: 1.134 Thread 0x000000000212f000 Exception <a 'java/security/PrivilegedActionException'> (0x00000000d7303a38) thrown at [C:\re\workspace\8-2-build-windows-amd64-cygwin\jdk8u181\11358\hotspot\src\share\vm\prims\jvm.cpp, line 1435]
Event: 4.762 Thread 0x000000001923c800 Exception <a 'java/lang/NoSuchFieldError': method resolution failed> (0x00000000d6f2b100) thrown at [C:\re\workspace\8-2-build-windows-amd64-cygwin\jdk8u181\11358\hotspot\src\share\vm\prims\methodHandles.cpp, line 1167]
Event: 4.766 Thread 0x000000001923c800 Exception <a 'java/lang/NoSuchFieldError': method resolution failed> (0x00000000d6f387c0) thrown at [C:\re\workspace\8-2-build-windows-amd64-cygwin\jdk8u181\11358\hotspot\src\share\vm\prims\methodHandles.cpp, line 1167]
Event: 26.563 Thread 0x000000001923c800 Implicit null exception at 0x00000000025bb8af to 0x00000000025bbc7d
Event: 43.593 Thread 0x000000001923c800 Implicit null exception at 0x00000000025ac7e0 to 0x00000000025aca91
Event: 108.838 Thread 0x000000001923c800 Implicit null exception at 0x0000000002cd6d37 to 0x0000000002cd6e5d
Event: 225.404 Thread 0x000000001923c800 Implicit null exception at 0x0000000002c5000a to 0x0000000002c50479
Event: 225.849 Thread 0x000000001923c800 Implicit null exception at 0x00000000029733aa to 0x00000000029736ed
Event: 226.309 Thread 0x000000001923c800 Implicit null exception at 0x0000000002b41678 to 0x0000000002b418b1

Events (10 events):
Event: 559.738 Thread 0x000000001923c800 DEOPT PACKING pc=0x0000000002c482f8 sp=0x000000001ab0f420
Event: 559.738 Thread 0x000000001923c800 DEOPT UNPACKING pc=0x00000000024d583b sp=0x000000001ab0f400 mode 2
Event: 560.731 loading class com/badlogic/gdx/backends/lwjgl/LwjglApplication$2
Event: 560.731 loading class com/badlogic/gdx/backends/lwjgl/LwjglApplication$2 done
Event: 560.733 Thread 0x000000001923c800 Uncommon trap: trap_request=0xffffff65 fr.pc=0x0000000002c42ed4
Event: 560.733 Thread 0x000000001923c800 DEOPT PACKING pc=0x0000000002c42ed4 sp=0x000000001ab0f440
Event: 560.733 Thread 0x000000001923c800 DEOPT UNPACKING pc=0x00000000024d583b sp=0x000000001ab0f400 mode 2
Event: 560.733 Executing VM operation: RevokeBias
Event: 560.733 Executing VM operation: RevokeBias done
Event: 560.733 Thread 0x00000001339f7800 Thread exited: 0x00000001339f7800


Dynamic libraries:
0x000000013fa90000 - 0x000000013fac7000 	C:\Program Files\Java\jdk1.8.0_181\bin\javaw.exe
0x0000000076e40000 - 0x0000000076fdf000 	C:\WINDOWS\SYSTEM32\ntdll.dll
0x0000000076d20000 - 0x0000000076e3f000 	C:\WINDOWS\system32\kernel32.dll
0x000007fefccc0000 - 0x000007fefcd2a000 	C:\WINDOWS\system32\KERNELBASE.dll
0x0000000074670000 - 0x0000000074705000 	C:\WINDOWS\System32\SYSFER.DLL
0x000007fefd0c0000 - 0x000007fefd19b000 	C:\WINDOWS\system32\ADVAPI32.dll
0x000007fefe450000 - 0x000007fefe4ef000 	C:\WINDOWS\system32\msvcrt.dll
0x000007feff110000 - 0x000007feff12f000 	C:\WINDOWS\SYSTEM32\sechost.dll
0x000007fefd1a0000 - 0x000007fefd2cd000 	C:\WINDOWS\system32\RPCRT4.dll
0x0000000076c20000 - 0x0000000076d1a000 	C:\WINDOWS\system32\USER32.dll
0x000007fefec80000 - 0x000007fefece7000 	C:\WINDOWS\system32\GDI32.dll
0x000007fefd5d0000 - 0x000007fefd5de000 	C:\WINDOWS\system32\LPK.dll
0x000007fefd2d0000 - 0x000007fefd39b000 	C:\WINDOWS\system32\USP10.dll
0x000007fefb3d0000 - 0x000007fefb5c4000 	C:\WINDOWS\WinSxS\amd64_microsoft.windows.common-controls_6595b64144ccf1df_6.0.7601.18837_none_fa3b1e3d17594757\COMCTL32.dll
0x000007fefecf0000 - 0x000007fefed61000 	C:\WINDOWS\system32\SHLWAPI.dll
0x0000000076ff0000 - 0x0000000076ff7000 	C:\WINDOWS\system32\psapi.dll
0x000007fefe9a0000 - 0x000007fefe9ce000 	C:\WINDOWS\system32\IMM32.DLL
0x000007fefd4c0000 - 0x000007fefd5c9000 	C:\WINDOWS\system32\MSCTF.dll
0x000007fefc790000 - 0x000007fefc900000 	C:\Program Files\Avecto\Privilege Guard Client\PGHook.dll
0x000007fefc6e0000 - 0x000007fefc6e3000 	C:\WINDOWS\system32\api-ms-win-core-synch-l1-2-0.DLL
0x000007fefc6c0000 - 0x000007fefc6d8000 	C:\WINDOWS\system32\CRYPTSP.dll
0x000007fefc670000 - 0x000007fefc6b7000 	C:\WINDOWS\system32\rsaenh.dll
0x000007fefc660000 - 0x000007fefc66f000 	C:\WINDOWS\system32\CRYPTBASE.dll
0x000007fefd5e0000 - 0x000007fefe36a000 	C:\WINDOWS\system32\shell32.dll
0x0000000056210000 - 0x00000000562e2000 	C:\Program Files\Java\jdk1.8.0_181\jre\bin\msvcr100.dll
0x0000000070290000 - 0x0000000070b32000 	C:\Program Files\Java\jdk1.8.0_181\jre\bin\server\jvm.dll
0x000007feec7e0000 - 0x000007feec7e9000 	C:\WINDOWS\system32\WSOCK32.dll
0x000007fefe9d0000 - 0x000007fefea1d000 	C:\WINDOWS\system32\WS2_32.dll
0x000007fefed90000 - 0x000007fefed98000 	C:\WINDOWS\system32\NSI.dll
0x000007fef9ad0000 - 0x000007fef9b0b000 	C:\WINDOWS\system32\WINMM.dll
0x000007fefb8f0000 - 0x000007fefb8fc000 	C:\WINDOWS\system32\VERSION.dll
0x0000000055e40000 - 0x0000000055e4f000 	C:\Program Files\Java\jdk1.8.0_181\jre\bin\verify.dll
0x0000000055e10000 - 0x0000000055e39000 	C:\Program Files\Java\jdk1.8.0_181\jre\bin\java.dll
0x0000000055df0000 - 0x0000000055e06000 	C:\Program Files\Java\jdk1.8.0_181\jre\bin\zip.dll
0x000007fefea20000 - 0x000007fefec1f000 	C:\WINDOWS\system32\ole32.dll
0x000007fefc990000 - 0x000007fefc99f000 	C:\WINDOWS\system32\profapi.dll
0x0000000065580000 - 0x0000000065616000 	C:\Users\jakirk\AppData\Local\Temp\libgdxJAKIRK\12dfaa03\gdx64.dll
0x000007fefcac0000 - 0x000007fefcade000 	C:\WINDOWS\system32\USERENV.dll
0x0000000055cd0000 - 0x0000000055cea000 	C:\Program Files\Java\jdk1.8.0_181\jre\bin\net.dll
0x000007fefc020000 - 0x000007fefc075000 	C:\WINDOWS\system32\mswsock.dll
0x000007fefc010000 - 0x000007fefc017000 	C:\WINDOWS\System32\wship6.dll
0x000007fef94d0000 - 0x000007fef94f7000 	C:\WINDOWS\system32\IPHLPAPI.DLL
0x000007fef94c0000 - 0x000007fef94cb000 	C:\WINDOWS\system32\WINNSI.DLL
0x000007fef9210000 - 0x000007fef9228000 	C:\WINDOWS\system32\dhcpcsvc.DLL
0x000007fef91f0000 - 0x000007fef9201000 	C:\WINDOWS\system32\dhcpcsvc6.DLL
0x0000000055cb0000 - 0x0000000055cc1000 	C:\Program Files\Java\jdk1.8.0_181\jre\bin\nio.dll
0x0000000180000000 - 0x0000000180053000 	C:\Users\jakirk\AppData\Local\Temp\libgdxJAKIRK\dc0f0009\lwjgl64.dll
0x000007fed9c50000 - 0x000007fed9d6d000 	C:\WINDOWS\system32\OPENGL32.dll
0x000007fed9c20000 - 0x000007fed9c4d000 	C:\WINDOWS\system32\GLU32.dll
0x000007fed5c30000 - 0x000007fed5d21000 	C:\WINDOWS\system32\DDRAW.dll
0x000007fed6ae0000 - 0x000007fed6ae8000 	C:\WINDOWS\system32\DCIMAN32.dll
0x000007fefeda0000 - 0x000007fefef77000 	C:\WINDOWS\system32\SETUPAPI.dll
0x000007fefc9b0000 - 0x000007fefc9e6000 	C:\WINDOWS\system32\CFGMGR32.dll
0x000007fefe370000 - 0x000007fefe44a000 	C:\WINDOWS\system32\OLEAUT32.dll
0x000007fefcd30000 - 0x000007fefcd4a000 	C:\WINDOWS\system32\DEVOBJ.dll
0x000007fefaf80000 - 0x000007fefaf98000 	C:\WINDOWS\system32\dwmapi.dll
0x0000000002340000 - 0x00000000023a4000 	C:\Users\jakirk\AppData\Local\Temp\libgdxJAKIRK\dc0f0009\OpenAL64.dll
0x000007fefb1d0000 - 0x000007fefb226000 	C:\WINDOWS\system32\uxtheme.dll
0x000007fefcd50000 - 0x000007fefcde9000 	C:\WINDOWS\system32\CLBCatQ.DLL
0x000007fefac70000 - 0x000007fefad9c000 	C:\WINDOWS\System32\PROPSYS.dll
0x000007fefcaf0000 - 0x000007fefcb2b000 	C:\WINDOWS\system32\WINTRUST.dll
0x000007fefcb40000 - 0x000007fefccad000 	C:\WINDOWS\system32\CRYPT32.dll
0x000007fefc9a0000 - 0x000007fefc9af000 	C:\WINDOWS\system32\MSASN1.dll
0x000007fee5aa0000 - 0x000007fee5b28000 	C:\WINDOWS\system32\dsound.dll
0x000007fefa9d0000 - 0x000007fefa9fc000 	C:\WINDOWS\system32\POWRPROF.dll
0x000007fefada0000 - 0x000007fefadeb000 	C:\WINDOWS\System32\MMDevApi.dll
0x000007fef9a10000 - 0x000007fef9a5f000 	C:\WINDOWS\system32\AUDIOSES.DLL
0x000007fec37b0000 - 0x000007fec4074000 	C:\WINDOWS\system32\ig8icd64.dll
0x000007fee7830000 - 0x000007fee81d8000 	C:\WINDOWS\system32\igdusc64.dll
0x000007fefa8d0000 - 0x000007fefa8e1000 	C:\WINDOWS\system32\WTSAPI32.dll
0x000007fed69f0000 - 0x000007fed6a8c000 	C:\WINDOWS\system32\mscms.dll
0x000007fed4670000 - 0x000007fed46b2000 	C:\WINDOWS\system32\icm32.dll
0x000007fef86b0000 - 0x000007fef87d5000 	C:\WINDOWS\system32\dbghelp.dll

VM Arguments:
jvm_args: -Dfile.encoding=Cp1252 
java_command: com.mygdx.game.desktop.DesktopLauncher
java_class_path (initial): D:\GitKraken\AdventuresOf\desktop\bin\main;D:\GitKraken\AdventuresOf\desktop\bin\default;D:\GitKraken\AdventuresOf\core\bin\default;D:\GitKraken\AdventuresOf\core\bin\main;C:\Users\jakirk\.gradle\caches\modules-2\files-2.1\com.badlogicgames.gdx\gdx-backend-lwjgl\1.9.8\b7c138f14ed67ad830ae7597da3d86ae02b20eee\gdx-backend-lwjgl-1.9.8.jar;C:\Users\jakirk\.gradle\caches\modules-2\files-2.1\com.badlogicgames.gdx\gdx-platform\1.9.8\604a2ef2c7c92a5900114757cbd3fb4dcbb8270c\gdx-platform-1.9.8-natives-desktop.jar;C:\Users\jakirk\.gradle\caches\modules-2\files-2.1\com.badlogicgames.gdx\gdx-box2d-platform\1.9.8\3195b56f82751d7cd7de85edb6824d17bf479781\gdx-box2d-platform-1.9.8-natives-desktop.jar;C:\Users\jakirk\.gradle\caches\modules-2\files-2.1\com.badlogicgames.gdx\gdx-box2d\1.9.8\6f0497b7958216464101adfb7bdc3a0f7b88d6d3\gdx-box2d-1.9.8.jar;C:\Users\jakirk\.gradle\caches\modules-2\files-2.1\com.badlogicgames.gdx\gdx\1.9.8\a35a0076fbce873f9c2d5a1a1c8066244231bb3c\gdx-1.9.8.jar;C:\Users\jakirk\.gradle\caches\modules-2\files-2.1\org.lwjgl.lwjgl\lwjgl_util\2.9.2\4b9e37300a87799856e0bd15ed81663cdb6b0947\lwjgl_util-2.9.2.jar;C:\Users\jakirk\.gradle\caches\modules-2\files-2.1\org.lwjgl.lwjgl\lwjgl\2.9.2\a9d80fe5935c7a9149f6584d9777cfd471f65489\lwjgl-2.9.2.jar;C:\Users\jakirk\.gradle\caches\modules-2\files-2.1\com.badlogicgames.jlayer\jlayer\1.0.1-gdx\7cca83cec5c1b2f011362f4d85aabd71a73b049d\jlayer-1.0.1-gdx.jar;C:\Users\jakirk\.gradle\caches\modules-2\files-2.1\org.jcraft\jorbis\0.0.17\8872d22b293e8f5d7d56ff92be966e6dc28ebdc6\jorbis-0.0.17.jar;C:\Users\jakirk\.gradle\caches\modules-2\files-2.1\org.lwjgl.lwjgl\lwjgl-platform\2.9.2\510c7d317f5e9e700b9cfaac5fd38bdebf0702e0\lwjgl-platform-2.9.2-natives-windows.jar;C:\Users\jakirk\.gradle\caches\modules-2\files-2.1\org.lwjgl.lwjgl\lwjgl-platform\2.9.2\d276cdf61fe2b516c7b7f4aa1b8dea91dbdc8d56\lwjgl-platform-2.9.2-natives-linux.jar;C:\Users\jakirk\.gradle\caches\modules-2\files-2.1\org.lwjgl.lwjgl\lwjgl-platfo
Launcher Type: SUN_STANDARD

Environment Variables:
JAVA_HOME=C:\Program Files (x86)\Java\jdk1.8.0_131
PATH=C:/Program Files/Java/jdk1.8.0_181/jre/bin/server;C:/Program Files/Java/jdk1.8.0_181/jre/bin;C:/Program Files/Java/jdk1.8.0_181/jre/lib/amd64;C:\Program Files (x86)\Common Files\Oracle\Java\javapath;C:\Program Files (x86)\Business Objects\common\3.5\bin\NOTES\;C:\Program Files (x86)\Business Objects\common\3.5\bin\NOTES\DATA\;C:\oracle\product\11.2.0\client_1\;C:\oracle\product\11.2.0\client_1\bin\;C:\ProgramData\Oracle\Java\javapath;C:\oraclexe\app\oracle\product\11.2.0\server\bin;D:\Users\jakirk\Documents\product\12.1.0\dbhome_1\bin;C:\WINDOWS\system32;C:\WINDOWS;C:\WINDOWS\System32\Wbem;C:\WINDOWS\System32\WindowsPowerShell\v1.0\;C:\WINDOWS\System32\WindowsPowerShell\v1.0\;C:\Program Files (x86)\OpenVPN\bin;C:\Program Files\TortoiseSVN\bin;C:\Program Files (x86)\Java\jdk1.8.0_131\bin\;C:\Program Files\Microsoft SQL Server\130\Tools\Binn\;C:\Program Files\dotnet\;C:\Program Files\Git\cmd;C:\Program Files\nodejs\;C:\oracle\product\11.2.0\client_1;C:\Oracle\product\11.2.0\client_1\bin;C:\WINDOWS\system32;C:\WINDOWS;C:\WINDOWS\System32\Wbem;C:\WINDOWS\System32\WindowsPowerShell\v1.0\;C:\Program Files\apache-maven-3.5.0\bin;C:\WINDOWS\System32\WindowsPowerShell\v1.0\;C:\xampp\php;C:\ProgramData\ComposerSetup\bin;C:\WINDOWS\System32\WindowsPowerShell\v1.0\;C:\Users\jakirk\AppData\Local\atom\bin;C:\Users\jakirk\AppData\Roaming\npm;C:\Program Files\apache-maven-3.5.0\bin;C:\Users\jakirk\AppData\Local\GitHubDesktop\bin;C:\Program Files\Microsoft VS Code\bin;C:\Users\jakirk\AppData\Roaming\Composer\vendor\bin;C:\WINDOWS\system32;
USERNAME=JAKIRK
OS=Windows_NT
PROCESSOR_IDENTIFIER=Intel64 Family 6 Model 61 Stepping 4, GenuineIntel



---------------  S Y S T E M  ---------------

OS: Windows 7 , 64 bit Build 7601 (6.1.7601.24291)

CPU:total 4 (initial active 4) (2 cores per cpu, 2 threads per core) family 6 model 61 stepping 4, cmov, cx8, fxsr, mmx, sse, sse2, sse3, ssse3, sse4.1, sse4.2, popcnt, avx, avx2, aes, clmul, erms, rtm, 3dnowpref, lzcnt, ht, tsc, tscinvbit, bmi1, bmi2, adx

Memory: 4k page, physical 8077508k(1717184k free), swap 16464212k(5500032k free)

vm_info: Java HotSpot(TM) 64-Bit Server VM (25.181-b13) for windows-amd64 JRE (1.8.0_181-b13), built on Jul  7 2018 04:01:33 by "java_re" with MS VC++ 10.0 (VS2010)

time: Sun Jan 13 21:00:56 2019
elapsed time: 563 seconds (0d 0h 9m 23s)

