#
# A fatal error has been detected by the Java Runtime Environment:
#
#  EXCEPTION_ACCESS_VIOLATION (0xc0000005) at pc=0x000007fec4578c07, pid=18896, tid=0x000000000000435c
#
# JRE version: Java(TM) SE Runtime Environment (8.0_181-b13) (build 1.8.0_181-b13)
# Java VM: Java HotSpot(TM) 64-Bit Server VM (25.181-b13 mixed mode windows-amd64 compressed oops)
# Problematic frame:
# C  [ig8icd64.dll+0x4f8c07]
#
# Failed to write core dump. Minidumps are not enabled by default on client versions of Windows
#
# If you would like to submit a bug report, please visit:
#   http://bugreport.java.com/bugreport/crash.jsp
# The crash happened outside the Java Virtual Machine in native code.
# See problematic frame for where to report the bug.
#

---------------  T H R E A D  ---------------

Current thread (0x00000000191c2800):  JavaThread "LWJGL Application" [_thread_in_native, id=17244, stack(0x000000001a740000,0x000000001a840000)]

siginfo: ExceptionCode=0xc0000005, reading address 0x0000000000000000

Registers:
RAX=0x0000000000000000, RBX=0x00000001cabf9a90, RCX=0x0000000000000003, RDX=0x000000001b8e0040
RSP=0x000000001a83ed60, RBP=0x000000001a380080, RSI=0x00000001cabf9a30, RDI=0x000000001b8e0040
R8 =0x0000000000000000, R9 =0x000000001b9310f0, R10=0x000000000043bc00, R11=0x0000000200020001
R12=0x0000000000000000, R13=0x0000000016a5ddb8, R14=0x00000001cabf9ad0, R15=0x0000000000000000
RIP=0x000007fec4578c07, EFLAGS=0x0000000000010246

Top of Stack: (sp=0x000000001a83ed60)
0x000000001a83ed60:   0000000000000000 00000001cac6c1a0
0x000000001a83ed70:   0000000000000003 000000001a3aa000
0x000000001a83ed80:   000000000001b8a8 0000000000000000
0x000000001a83ed90:   00000001cabf9a90 000007fec45788ff
0x000000001a83eda0:   000000001b8e0040 000000001a3aa000
0x000000001a83edb0:   000000001b8e0040 0000000000000000
0x000000001a83edc0:   000000001a3a9790 000007fec41fb29d
0x000000001a83edd0:   00000001cab32db0 000007fec4497506
0x000000001a83ede0:   00000001cabeaa18 000000001a3aa000
0x000000001a83edf0:   000000001b8e0040 000007fec41f8527
0x000000001a83ee00:   00000001cac6c488 00000001cab32db0
0x000000001a83ee10:   000007fec469cde0 0000000000003700
0x000000001a83ee20:   00000001cac6c410 000007fec41f8c03
0x000000001a83ee30:   000000001a3aa000 0000000000000007
0x000000001a83ee40:   000000001a3aa000 0000000000003714
0x000000001a83ee50:   000000001a3aa000 000007fec41faa51 

Instructions: (pc=0x000007fec4578c07)
0x000007fec4578be7:   01 74 10 48 8d 4f 18 48 83 c4 30 5f 48 ff 25 66
0x000007fec4578bf7:   08 08 00 48 83 c4 30 5f c3 48 8b 85 38 83 02 00
0x000007fec4578c07:   48 8b 08 48 39 4b 10 0f 87 65 ff ff ff 48 8b 85
0x000007fec4578c17:   38 83 02 00 48 8b 08 48 39 4b 18 0f 87 51 ff ff 


Register to memory mapping:

RAX=0x0000000000000000 is an unknown value
RBX=0x00000001cabf9a90 is an unknown value
RCX=0x0000000000000003 is an unknown value
RDX=0x000000001b8e0040 is an unknown value
RSP=0x000000001a83ed60 is pointing into the stack for thread: 0x00000000191c2800
RBP=0x000000001a380080 is an unknown value
RSI=0x00000001cabf9a30 is an unknown value
RDI=0x000000001b8e0040 is an unknown value
R8 =0x0000000000000000 is an unknown value
R9 =0x000000001b9310f0 is an unknown value
R10=0x000000000043bc00 is an unknown value
R11=0x0000000200020001 is an unknown value
R12=0x0000000000000000 is an unknown value
R13=0x0000000016a5ddb8 is pointing into metadata
R14=0x00000001cabf9ad0 is an unknown value
R15=0x0000000000000000 is an unknown value


Stack: [0x000000001a740000,0x000000001a840000],  sp=0x000000001a83ed60,  free space=1019k
Native frames: (J=compiled Java code, j=interpreted, Vv=VM code, C=native code)
C  [ig8icd64.dll+0x4f8c07]
C  [ig8icd64.dll+0x4f88ff]
C  [ig8icd64.dll+0x17b29d]
C  [ig8icd64.dll+0x178527]
C  [ig8icd64.dll+0x178c03]
C  [ig8icd64.dll+0x17aa50]
C  [ig8icd64.dll+0x17b078]
C  [ig8icd64.dll+0x25f779]
C  [ig8icd64.dll+0x1e0b92]
C  [ig8icd64.dll+0x36c7]
C  [ig8icd64.dll+0x4aa6]
C  [ig8icd64.dll+0x4e4ff4]
C  [OPENGL32.dll+0x28c50]
C  0x0000000002498c67

Java frames: (J=compiled Java code, j=interpreted, Vv=VM code)
j  org.lwjgl.opengl.WindowsContextImplementation.nDestroy(Ljava/nio/ByteBuffer;)V+0
j  org.lwjgl.opengl.WindowsContextImplementation.destroy(Lorg/lwjgl/opengl/PeerInfo;Ljava/nio/ByteBuffer;)V+1
j  org.lwjgl.opengl.ContextGL.checkDestroy()V+29
j  org.lwjgl.opengl.ContextGL.destroy()V+37
j  org.lwjgl.opengl.ContextGL.forceDestroy()V+5
j  org.lwjgl.opengl.DrawableGL.destroy()V+24
j  org.lwjgl.opengl.Display$5.destroy()V+19
j  org.lwjgl.opengl.Display.destroy()V+9
j  com.badlogic.gdx.backends.lwjgl.LwjglApplication.mainLoop()V+851
j  com.badlogic.gdx.backends.lwjgl.LwjglApplication$1.run()V+27
v  ~StubRoutines::call_stub

---------------  P R O C E S S  ---------------

Java Threads: ( => current thread )
  0x000000001870d000 JavaThread "LWJGL Timer" daemon [_thread_blocked, id=19320, stack(0x00000000219e0000,0x0000000021ae0000)]
  0x000000000042f000 JavaThread "DestroyJavaVM" [_thread_blocked, id=19412, stack(0x0000000002380000,0x0000000002480000)]
=>0x00000000191c2800 JavaThread "LWJGL Application" [_thread_in_native, id=17244, stack(0x000000001a740000,0x000000001a840000)]
  0x00000000184fc000 JavaThread "Service Thread" daemon [_thread_blocked, id=19432, stack(0x0000000018fe0000,0x00000000190e0000)]
  0x0000000018484800 JavaThread "C1 CompilerThread2" daemon [_thread_blocked, id=12244, stack(0x0000000018d30000,0x0000000018e30000)]
  0x000000001847b000 JavaThread "C2 CompilerThread1" daemon [_thread_blocked, id=18444, stack(0x0000000018b80000,0x0000000018c80000)]
  0x0000000018474000 JavaThread "C2 CompilerThread0" daemon [_thread_blocked, id=17096, stack(0x0000000018a10000,0x0000000018b10000)]
  0x0000000018473800 JavaThread "Attach Listener" daemon [_thread_blocked, id=19156, stack(0x0000000017e80000,0x0000000017f80000)]
  0x0000000016f77800 JavaThread "Signal Dispatcher" daemon [_thread_blocked, id=17036, stack(0x0000000018890000,0x0000000018990000)]
  0x0000000016f61000 JavaThread "Finalizer" daemon [_thread_blocked, id=12476, stack(0x0000000018370000,0x0000000018470000)]
  0x0000000016f18000 JavaThread "Reference Handler" daemon [_thread_blocked, id=15148, stack(0x0000000018210000,0x0000000018310000)]

Other Threads:
  0x0000000016f10800 VMThread [stack: 0x0000000018010000,0x0000000018110000] [id=8540]
  0x0000000018504000 WatcherThread [stack: 0x0000000018e50000,0x0000000018f50000] [id=11124]

VM state:not at safepoint (normal execution)

VM Mutex/Monitor currently owned by a thread: None

Heap:
 PSYoungGen      total 416256K, used 305237K [0x00000000d6e00000, 0x00000000f3900000, 0x0000000100000000)
  eden space 371712K, 71% used [0x00000000d6e00000,0x00000000e723df78,0x00000000ed900000)
  from space 44544K, 86% used [0x00000000f0d80000,0x00000000f3357820,0x00000000f3900000)
  to   space 49152K, 0% used [0x00000000ed900000,0x00000000ed900000,0x00000000f0900000)
 ParOldGen       total 84480K, used 51726K [0x0000000084a00000, 0x0000000089c80000, 0x00000000d6e00000)
  object space 84480K, 61% used [0x0000000084a00000,0x0000000087c83aa8,0x0000000089c80000)
 Metaspace       used 12442K, capacity 12577K, committed 12800K, reserved 1060864K
  class space    used 1205K, capacity 1279K, committed 1280K, reserved 1048576K

Card table byte_map: [0x0000000011840000,0x0000000011c20000] byte_map_base: 0x000000001141b000

Marking Bits: (ParMarkBitMap*) 0x0000000070ab2d00
 Begin Bits: [0x00000000123f0000, 0x00000000142c8000)
 End Bits:   [0x00000000142c8000, 0x00000000161a0000)

Polling page: 0x0000000000130000

CodeCache: size=245760Kb used=8552Kb max_used=9060Kb free=237207Kb
 bounds [0x0000000002480000, 0x0000000002d70000, 0x0000000011480000]
 total_blobs=2831 nmethods=2289 adapters=454
 compilation: enabled

Compilation events (10 events):
Event: 493.414 Thread 0x0000000018474000 2727       4       java.nio.HeapByteBuffer::putInt (20 bytes)
Event: 493.415 Thread 0x000000001847b000 2728       4       java.nio.Bits::putIntB (43 bytes)
Event: 493.420 Thread 0x000000001847b000 nmethod 2728 0x0000000002644c50 code [0x0000000002644da0, 0x0000000002644ed8]
Event: 493.421 Thread 0x0000000018474000 nmethod 2727 0x0000000002b30ad0 code [0x0000000002b30c20, 0x0000000002b30d98]
Event: 517.853 Thread 0x0000000018474000 2729   !   4       org.lwjgl.input.Mouse::updateCursor (71 bytes)
Event: 517.854 Thread 0x000000001847b000 2730   !   4       org.lwjgl.input.Keyboard::poll (47 bytes)
Event: 517.872 Thread 0x0000000018474000 nmethod 2729 0x0000000002cb0290 code [0x0000000002cb03e0, 0x0000000002cb0618]
Event: 517.918 Thread 0x000000001847b000 nmethod 2730 0x0000000002c80ad0 code [0x0000000002c80c80, 0x0000000002c814e8]
Event: 527.390 Thread 0x0000000018474000 2731   !   4       com.badlogic.gdx.backends.lwjgl.audio.Mp3$Music::read (213 bytes)
Event: 527.626 Thread 0x0000000018474000 nmethod 2731 0x0000000002962f50 code [0x00000000029632a0, 0x0000000002964f40]

GC Heap History (10 events):
Event: 30.389 GC heap before
{Heap before GC invocations=9 (full 1):
 PSYoungGen      total 151040K, used 130472K [0x00000000d6e00000, 0x00000000e7880000, 0x0000000100000000)
  eden space 116224K, 100% used [0x00000000d6e00000,0x00000000ddf80000,0x00000000ddf80000)
  from space 34816K, 40% used [0x00000000ddf80000,0x00000000ded6a330,0x00000000e0180000)
  to   space 32768K, 0% used [0x00000000e5880000,0x00000000e5880000,0x00000000e7880000)
 ParOldGen       total 84480K, used 18104K [0x0000000084a00000, 0x0000000089c80000, 0x00000000d6e00000)
  object space 84480K, 21% used [0x0000000084a00000,0x0000000085bae2e0,0x0000000089c80000)
 Metaspace       used 11845K, capacity 12009K, committed 12288K, reserved 1060864K
  class space    used 1173K, capacity 1243K, committed 1280K, reserved 1048576K
Event: 30.446 GC heap after
Heap after GC invocations=9 (full 1):
 PSYoungGen      total 229888K, used 20811K [0x00000000d6e00000, 0x00000000e7380000, 0x0000000100000000)
  eden space 202240K, 0% used [0x00000000d6e00000,0x00000000d6e00000,0x00000000e3380000)
  from space 27648K, 75% used [0x00000000e5880000,0x00000000e6cd2d40,0x00000000e7380000)
  to   space 32768K, 0% used [0x00000000e3380000,0x00000000e3380000,0x00000000e5380000)
 ParOldGen       total 84480K, used 18104K [0x0000000084a00000, 0x0000000089c80000, 0x00000000d6e00000)
  object space 84480K, 21% used [0x0000000084a00000,0x0000000085bae2e0,0x0000000089c80000)
 Metaspace       used 11845K, capacity 12009K, committed 12288K, reserved 1060864K
  class space    used 1173K, capacity 1243K, committed 1280K, reserved 1048576K
}
Event: 43.532 GC heap before
{Heap before GC invocations=10 (full 1):
 PSYoungGen      total 229888K, used 223051K [0x00000000d6e00000, 0x00000000e7380000, 0x0000000100000000)
  eden space 202240K, 100% used [0x00000000d6e00000,0x00000000e3380000,0x00000000e3380000)
  from space 27648K, 75% used [0x00000000e5880000,0x00000000e6cd2d40,0x00000000e7380000)
  to   space 32768K, 0% used [0x00000000e3380000,0x00000000e3380000,0x00000000e5380000)
 ParOldGen       total 84480K, used 18104K [0x0000000084a00000, 0x0000000089c80000, 0x00000000d6e00000)
  object space 84480K, 21% used [0x0000000084a00000,0x0000000085bae2e0,0x0000000089c80000)
 Metaspace       used 11873K, capacity 12009K, committed 12288K, reserved 1060864K
  class space    used 1173K, capacity 1243K, committed 1280K, reserved 1048576K
Event: 43.593 GC heap after
Heap after GC invocations=10 (full 1):
 PSYoungGen      total 235008K, used 32319K [0x00000000d6e00000, 0x00000000ece80000, 0x0000000100000000)
  eden space 202240K, 0% used [0x00000000d6e00000,0x00000000d6e00000,0x00000000e3380000)
  from space 32768K, 98% used [0x00000000e3380000,0x00000000e530fce0,0x00000000e5380000)
  to   space 37376K, 0% used [0x00000000eaa00000,0x00000000eaa00000,0x00000000ece80000)
 ParOldGen       total 84480K, used 21496K [0x0000000084a00000, 0x0000000089c80000, 0x00000000d6e00000)
  object space 84480K, 25% used [0x0000000084a00000,0x0000000085efe2f0,0x0000000089c80000)
 Metaspace       used 11873K, capacity 12009K, committed 12288K, reserved 1060864K
  class space    used 1173K, capacity 1243K, committed 1280K, reserved 1048576K
}
Event: 56.193 GC heap before
{Heap before GC invocations=11 (full 1):
 PSYoungGen      total 235008K, used 234559K [0x00000000d6e00000, 0x00000000ece80000, 0x0000000100000000)
  eden space 202240K, 100% used [0x00000000d6e00000,0x00000000e3380000,0x00000000e3380000)
  from space 32768K, 98% used [0x00000000e3380000,0x00000000e530fce0,0x00000000e5380000)
  to   space 37376K, 0% used [0x00000000eaa00000,0x00000000eaa00000,0x00000000ece80000)
 ParOldGen       total 84480K, used 21496K [0x0000000084a00000, 0x0000000089c80000, 0x00000000d6e00000)
  object space 84480K, 25% used [0x0000000084a00000,0x0000000085efe2f0,0x0000000089c80000)
 Metaspace       used 12181K, capacity 12353K, committed 12544K, reserved 1060864K
  class space    used 1186K, capacity 1247K, committed 1280K, reserved 1048576K
Event: 56.277 GC heap after
Heap after GC invocations=11 (full 1):
 PSYoungGen      total 317440K, used 29087K [0x00000000d6e00000, 0x00000000ece00000, 0x0000000100000000)
  eden space 280576K, 0% used [0x00000000d6e00000,0x00000000d6e00000,0x00000000e8000000)
  from space 36864K, 78% used [0x00000000eaa00000,0x00000000ec667fa8,0x00000000ece00000)
  to   space 39936K, 0% used [0x00000000e8000000,0x00000000e8000000,0x00000000ea700000)
 ParOldGen       total 84480K, used 29070K [0x0000000084a00000, 0x0000000089c80000, 0x00000000d6e00000)
  object space 84480K, 34% used [0x0000000084a00000,0x0000000086663840,0x0000000089c80000)
 Metaspace       used 12181K, capacity 12353K, committed 12544K, reserved 1060864K
  class space    used 1186K, capacity 1247K, committed 1280K, reserved 1048576K
}
Event: 82.461 GC heap before
{Heap before GC invocations=12 (full 1):
 PSYoungGen      total 317440K, used 309663K [0x00000000d6e00000, 0x00000000ece00000, 0x0000000100000000)
  eden space 280576K, 100% used [0x00000000d6e00000,0x00000000e8000000,0x00000000e8000000)
  from space 36864K, 78% used [0x00000000eaa00000,0x00000000ec667fa8,0x00000000ece00000)
  to   space 39936K, 0% used [0x00000000e8000000,0x00000000e8000000,0x00000000ea700000)
 ParOldGen       total 84480K, used 29070K [0x0000000084a00000, 0x0000000089c80000, 0x00000000d6e00000)
  object space 84480K, 34% used [0x0000000084a00000,0x0000000086663840,0x0000000089c80000)
 Metaspace       used 12406K, capacity 12577K, committed 12800K, reserved 1060864K
  class space    used 1204K, capacity 1279K, committed 1280K, reserved 1048576K
Event: 82.595 GC heap after
Heap after GC invocations=12 (full 1):
 PSYoungGen      total 320512K, used 38834K [0x00000000d6e00000, 0x00000000f3980000, 0x0000000100000000)
  eden space 280576K, 0% used [0x00000000d6e00000,0x00000000d6e00000,0x00000000e8000000)
  from space 39936K, 97% used [0x00000000e8000000,0x00000000ea5ecbf8,0x00000000ea700000)
  to   space 45056K, 0% used [0x00000000f0d80000,0x00000000f0d80000,0x00000000f3980000)
 ParOldGen       total 84480K, used 51281K [0x0000000084a00000, 0x0000000089c80000, 0x00000000d6e00000)
  object space 84480K, 60% used [0x0000000084a00000,0x0000000087c14560,0x0000000089c80000)
 Metaspace       used 12406K, capacity 12577K, committed 12800K, reserved 1060864K
  class space    used 1204K, capacity 1279K, committed 1280K, reserved 1048576K
}
Event: 106.250 GC heap before
{Heap before GC invocations=13 (full 1):
 PSYoungGen      total 320512K, used 319410K [0x00000000d6e00000, 0x00000000f3980000, 0x0000000100000000)
  eden space 280576K, 100% used [0x00000000d6e00000,0x00000000e8000000,0x00000000e8000000)
  from space 39936K, 97% used [0x00000000e8000000,0x00000000ea5ecbf8,0x00000000ea700000)
  to   space 45056K, 0% used [0x00000000f0d80000,0x00000000f0d80000,0x00000000f3980000)
 ParOldGen       total 84480K, used 51281K [0x0000000084a00000, 0x0000000089c80000, 0x00000000d6e00000)
  object space 84480K, 60% used [0x0000000084a00000,0x0000000087c14560,0x0000000089c80000)
 Metaspace       used 12432K, capacity 12577K, committed 12800K, reserved 1060864K
  class space    used 1204K, capacity 1279K, committed 1280K, reserved 1048576K
Event: 106.348 GC heap after
Heap after GC invocations=13 (full 1):
 PSYoungGen      total 416256K, used 38750K [0x00000000d6e00000, 0x00000000f3900000, 0x0000000100000000)
  eden space 371712K, 0% used [0x00000000d6e00000,0x00000000d6e00000,0x00000000ed900000)
  from space 44544K, 86% used [0x00000000f0d80000,0x00000000f3357820,0x00000000f3900000)
  to   space 49152K, 0% used [0x00000000ed900000,0x00000000ed900000,0x00000000f0900000)
 ParOldGen       total 84480K, used 51726K [0x0000000084a00000, 0x0000000089c80000, 0x00000000d6e00000)
  object space 84480K, 61% used [0x0000000084a00000,0x0000000087c83aa8,0x0000000089c80000)
 Metaspace       used 12432K, capacity 12577K, committed 12800K, reserved 1060864K
  class space    used 1204K, capacity 1279K, committed 1280K, reserved 1048576K
}

Deoptimization events (10 events):
Event: 111.265 Thread 0x00000000191c2800 Uncommon trap: reason=unstable_if action=reinterpret pc=0x0000000002cbcedc method=com.badlogic.gdx.maps.tiled.renderers.OrthogonalTiledMapRenderer.renderTileLayer(Lcom/badlogic/gdx/maps/tiled/TiledMapTileLayer;)V @ 645
Event: 116.167 Thread 0x00000000191c2800 Uncommon trap: reason=unstable_if action=reinterpret pc=0x0000000002883958 method=com.badlogic.gdx.scenes.scene2d.ui.Image.setDrawable(Lcom/badlogic/gdx/scenes/scene2d/utils/Drawable;)V @ 5
Event: 116.181 Thread 0x00000000191c2800 Uncommon trap: reason=unstable_if action=reinterpret pc=0x0000000002d180ec method=com.adventuresof.game.character.entities.GameCharacter.displayBuffMessage(Lcom/badlogic/gdx/graphics/g2d/SpriteBatch;)V @ 7
Event: 116.194 Thread 0x00000000191c2800 Uncommon trap: reason=unstable_if action=reinterpret pc=0x0000000002820fa4 method=com.badlogic.gdx.scenes.scene2d.Actor.setPosition(FF)V @ 15
Event: 116.237 Thread 0x00000000191c2800 Uncommon trap: reason=unstable_if action=reinterpret pc=0x0000000002ce15e0 method=com.adventuresof.game.character.entities.GameCharacter.displayBuffMessage(Lcom/badlogic/gdx/graphics/g2d/SpriteBatch;)V @ 7
Event: 120.403 Thread 0x00000000191c2800 Uncommon trap: reason=unstable_if action=reinterpret pc=0x0000000002784564 method=javazoom.jl.decoder.huffcodetab.huffman_decoder(Ljavazoom/jl/decoder/huffcodetab;[I[I[I[ILjavazoom/jl/decoder/BitReserve;)I @ 27
Event: 160.313 Thread 0x00000000191c2800 Uncommon trap: reason=unstable_if action=reinterpret pc=0x00000000025bfd1c method=java.io.BufferedInputStream.read1([BII)I @ 60
Event: 160.313 Thread 0x00000000191c2800 Uncommon trap: reason=unstable_if action=reinterpret pc=0x000000000258c424 method=javazoom.jl.decoder.Bitstream.readBytes([BII)I @ 22
Event: 490.369 Thread 0x00000000191c2800 Uncommon trap: reason=unstable_if action=reinterpret pc=0x0000000002c7ee80 method=org.lwjgl.opengl.WindowsDisplay.update()V @ 40
Event: 569.671 Thread 0x00000000191c2800 Uncommon trap: reason=unstable_if action=reinterpret pc=0x00000000029f5e54 method=com.badlogic.gdx.backends.lwjgl.LwjglApplication.executeRunnables()Z @ 18

Classes redefined (0 events):
No events

Internal exceptions (10 events):
Event: 1.608 Thread 0x000000000042f000 Exception <a 'java/security/PrivilegedActionException'> (0x00000000d72fcec0) thrown at [C:\re\workspace\8-2-build-windows-amd64-cygwin\jdk8u181\11358\hotspot\src\share\vm\prims\jvm.cpp, line 1435]
Event: 1.608 Thread 0x000000000042f000 Exception <a 'java/security/PrivilegedActionException'> (0x00000000d72fe030) thrown at [C:\re\workspace\8-2-build-windows-amd64-cygwin\jdk8u181\11358\hotspot\src\share\vm\prims\jvm.cpp, line 1435]
Event: 1.610 Thread 0x000000000042f000 Exception <a 'java/security/PrivilegedActionException'> (0x00000000d7303198) thrown at [C:\re\workspace\8-2-build-windows-amd64-cygwin\jdk8u181\11358\hotspot\src\share\vm\prims\jvm.cpp, line 1435]
Event: 1.611 Thread 0x000000000042f000 Exception <a 'java/security/PrivilegedActionException'> (0x00000000d7303df0) thrown at [C:\re\workspace\8-2-build-windows-amd64-cygwin\jdk8u181\11358\hotspot\src\share\vm\prims\jvm.cpp, line 1435]
Event: 1.611 Thread 0x000000000042f000 Exception <a 'java/security/PrivilegedActionException'> (0x00000000d7304a18) thrown at [C:\re\workspace\8-2-build-windows-amd64-cygwin\jdk8u181\11358\hotspot\src\share\vm\prims\jvm.cpp, line 1435]
Event: 5.971 Thread 0x00000000191c2800 Exception <a 'java/lang/NoSuchFieldError': method resolution failed> (0x00000000d6f2ae88) thrown at [C:\re\workspace\8-2-build-windows-amd64-cygwin\jdk8u181\11358\hotspot\src\share\vm\prims\methodHandles.cpp, line 1167]
Event: 5.979 Thread 0x00000000191c2800 Exception <a 'java/lang/NoSuchFieldError': method resolution failed> (0x00000000d6f38548) thrown at [C:\re\workspace\8-2-build-windows-amd64-cygwin\jdk8u181\11358\hotspot\src\share\vm\prims\methodHandles.cpp, line 1167]
Event: 30.362 Thread 0x00000000191c2800 Implicit null exception at 0x0000000002b9e7af to 0x0000000002b9eb7d
Event: 54.017 Thread 0x00000000191c2800 Implicit null exception at 0x000000000259db20 to 0x000000000259ddd1
Event: 63.864 Thread 0x00000000191c2800 Implicit null exception at 0x0000000002d0f9f7 to 0x0000000002d0fb1d

Events (10 events):
Event: 490.369 Thread 0x00000000191c2800 DEOPT PACKING pc=0x0000000002c7ee80 sp=0x000000001a83f360
Event: 490.369 Thread 0x00000000191c2800 DEOPT UNPACKING pc=0x00000000024c583b sp=0x000000001a83f2c8 mode 2
Event: 569.637 loading class com/badlogic/gdx/backends/lwjgl/LwjglApplication$2
Event: 569.637 loading class com/badlogic/gdx/backends/lwjgl/LwjglApplication$2 done
Event: 569.671 Thread 0x00000000191c2800 Uncommon trap: trap_request=0xffffff65 fr.pc=0x00000000029f5e54
Event: 569.671 Thread 0x00000000191c2800 DEOPT PACKING pc=0x00000000029f5e54 sp=0x000000001a83f360
Event: 569.671 Thread 0x00000000191c2800 DEOPT UNPACKING pc=0x00000000024c583b sp=0x000000001a83f320 mode 2
Event: 569.683 Executing VM operation: RevokeBias
Event: 569.683 Executing VM operation: RevokeBias done
Event: 569.683 Thread 0x000000002c8b1000 Thread exited: 0x000000002c8b1000


Dynamic libraries:
0x000000013f510000 - 0x000000013f547000 	C:\Program Files\Java\jdk1.8.0_181\bin\javaw.exe
0x0000000076e40000 - 0x0000000076fdf000 	C:\WINDOWS\SYSTEM32\ntdll.dll
0x0000000076d20000 - 0x0000000076e3f000 	C:\WINDOWS\system32\kernel32.dll
0x000007fefccc0000 - 0x000007fefcd2a000 	C:\WINDOWS\system32\KERNELBASE.dll
0x0000000074670000 - 0x0000000074705000 	C:\WINDOWS\System32\SYSFER.DLL
0x000007fefd0c0000 - 0x000007fefd19b000 	C:\WINDOWS\system32\ADVAPI32.dll
0x000007fefe450000 - 0x000007fefe4ef000 	C:\WINDOWS\system32\msvcrt.dll
0x000007feff110000 - 0x000007feff12f000 	C:\WINDOWS\SYSTEM32\sechost.dll
0x000007fefd1a0000 - 0x000007fefd2cd000 	C:\WINDOWS\system32\RPCRT4.dll
0x0000000076c20000 - 0x0000000076d1a000 	C:\WINDOWS\system32\USER32.dll
0x000007fefec80000 - 0x000007fefece7000 	C:\WINDOWS\system32\GDI32.dll
0x000007fefd5d0000 - 0x000007fefd5de000 	C:\WINDOWS\system32\LPK.dll
0x000007fefd2d0000 - 0x000007fefd39b000 	C:\WINDOWS\system32\USP10.dll
0x000007fefb3d0000 - 0x000007fefb5c4000 	C:\WINDOWS\WinSxS\amd64_microsoft.windows.common-controls_6595b64144ccf1df_6.0.7601.18837_none_fa3b1e3d17594757\COMCTL32.dll
0x000007fefecf0000 - 0x000007fefed61000 	C:\WINDOWS\system32\SHLWAPI.dll
0x0000000076ff0000 - 0x0000000076ff7000 	C:\WINDOWS\system32\psapi.dll
0x000007fefe9a0000 - 0x000007fefe9ce000 	C:\WINDOWS\system32\IMM32.DLL
0x000007fefd4c0000 - 0x000007fefd5c9000 	C:\WINDOWS\system32\MSCTF.dll
0x000007fefc790000 - 0x000007fefc900000 	C:\Program Files\Avecto\Privilege Guard Client\PGHook.dll
0x000007fefc6e0000 - 0x000007fefc6e3000 	C:\WINDOWS\system32\api-ms-win-core-synch-l1-2-0.DLL
0x000007fefc6c0000 - 0x000007fefc6d8000 	C:\WINDOWS\system32\CRYPTSP.dll
0x000007fefc670000 - 0x000007fefc6b7000 	C:\WINDOWS\system32\rsaenh.dll
0x000007fefc660000 - 0x000007fefc66f000 	C:\WINDOWS\system32\CRYPTBASE.dll
0x000007fefd5e0000 - 0x000007fefe36a000 	C:\WINDOWS\system32\shell32.dll
0x0000000056210000 - 0x00000000562e2000 	C:\Program Files\Java\jdk1.8.0_181\jre\bin\msvcr100.dll
0x0000000070290000 - 0x0000000070b32000 	C:\Program Files\Java\jdk1.8.0_181\jre\bin\server\jvm.dll
0x000007feec7e0000 - 0x000007feec7e9000 	C:\WINDOWS\system32\WSOCK32.dll
0x000007fefe9d0000 - 0x000007fefea1d000 	C:\WINDOWS\system32\WS2_32.dll
0x000007fefed90000 - 0x000007fefed98000 	C:\WINDOWS\system32\NSI.dll
0x000007fef9ad0000 - 0x000007fef9b0b000 	C:\WINDOWS\system32\WINMM.dll
0x000007fefb8f0000 - 0x000007fefb8fc000 	C:\WINDOWS\system32\VERSION.dll
0x0000000055e40000 - 0x0000000055e4f000 	C:\Program Files\Java\jdk1.8.0_181\jre\bin\verify.dll
0x0000000055e10000 - 0x0000000055e39000 	C:\Program Files\Java\jdk1.8.0_181\jre\bin\java.dll
0x0000000055df0000 - 0x0000000055e06000 	C:\Program Files\Java\jdk1.8.0_181\jre\bin\zip.dll
0x000007fefea20000 - 0x000007fefec1f000 	C:\WINDOWS\system32\ole32.dll
0x000007fefc990000 - 0x000007fefc99f000 	C:\WINDOWS\system32\profapi.dll
0x0000000065580000 - 0x0000000065616000 	C:\Users\jakirk\AppData\Local\Temp\libgdxJAKIRK\12dfaa03\gdx64.dll
0x000007fefcac0000 - 0x000007fefcade000 	C:\WINDOWS\system32\USERENV.dll
0x0000000055cd0000 - 0x0000000055cea000 	C:\Program Files\Java\jdk1.8.0_181\jre\bin\net.dll
0x000007fefc020000 - 0x000007fefc075000 	C:\WINDOWS\system32\mswsock.dll
0x000007fefc010000 - 0x000007fefc017000 	C:\WINDOWS\System32\wship6.dll
0x000007fef94d0000 - 0x000007fef94f7000 	C:\WINDOWS\system32\IPHLPAPI.DLL
0x000007fef94c0000 - 0x000007fef94cb000 	C:\WINDOWS\system32\WINNSI.DLL
0x000007fef9210000 - 0x000007fef9228000 	C:\WINDOWS\system32\dhcpcsvc.DLL
0x000007fef91f0000 - 0x000007fef9201000 	C:\WINDOWS\system32\dhcpcsvc6.DLL
0x0000000055cb0000 - 0x0000000055cc1000 	C:\Program Files\Java\jdk1.8.0_181\jre\bin\nio.dll
0x0000000180000000 - 0x0000000180053000 	C:\Users\jakirk\AppData\Local\Temp\libgdxJAKIRK\dc0f0009\lwjgl64.dll
0x000007fed9c50000 - 0x000007fed9d6d000 	C:\WINDOWS\system32\OPENGL32.dll
0x000007fed9c20000 - 0x000007fed9c4d000 	C:\WINDOWS\system32\GLU32.dll
0x000007fed5c30000 - 0x000007fed5d21000 	C:\WINDOWS\system32\DDRAW.dll
0x000007fed6ae0000 - 0x000007fed6ae8000 	C:\WINDOWS\system32\DCIMAN32.dll
0x000007fefeda0000 - 0x000007fefef77000 	C:\WINDOWS\system32\SETUPAPI.dll
0x000007fefc9b0000 - 0x000007fefc9e6000 	C:\WINDOWS\system32\CFGMGR32.dll
0x000007fefe370000 - 0x000007fefe44a000 	C:\WINDOWS\system32\OLEAUT32.dll
0x000007fefcd30000 - 0x000007fefcd4a000 	C:\WINDOWS\system32\DEVOBJ.dll
0x000007fefaf80000 - 0x000007fefaf98000 	C:\WINDOWS\system32\dwmapi.dll
0x0000000002140000 - 0x00000000021a4000 	C:\Users\jakirk\AppData\Local\Temp\libgdxJAKIRK\dc0f0009\OpenAL64.dll
0x000007fefb1d0000 - 0x000007fefb226000 	C:\WINDOWS\system32\uxtheme.dll
0x000007fefcd50000 - 0x000007fefcde9000 	C:\WINDOWS\system32\CLBCatQ.DLL
0x000007fefac70000 - 0x000007fefad9c000 	C:\WINDOWS\System32\PROPSYS.dll
0x000007fefcaf0000 - 0x000007fefcb2b000 	C:\WINDOWS\system32\WINTRUST.dll
0x000007fefcb40000 - 0x000007fefccad000 	C:\WINDOWS\system32\CRYPT32.dll
0x000007fefc9a0000 - 0x000007fefc9af000 	C:\WINDOWS\system32\MSASN1.dll
0x000007fee5aa0000 - 0x000007fee5b28000 	C:\WINDOWS\system32\dsound.dll
0x000007fefa9d0000 - 0x000007fefa9fc000 	C:\WINDOWS\system32\POWRPROF.dll
0x000007fefada0000 - 0x000007fefadeb000 	C:\WINDOWS\System32\MMDevApi.dll
0x000007fef9a10000 - 0x000007fef9a5f000 	C:\WINDOWS\system32\AUDIOSES.DLL
0x000007fec4080000 - 0x000007fec4944000 	C:\WINDOWS\system32\ig8icd64.dll
0x000007fee7830000 - 0x000007fee81d8000 	C:\WINDOWS\system32\igdusc64.dll
0x000007fefa8d0000 - 0x000007fefa8e1000 	C:\WINDOWS\system32\WTSAPI32.dll
0x000007fed69f0000 - 0x000007fed6a8c000 	C:\WINDOWS\system32\mscms.dll
0x000007fed4670000 - 0x000007fed46b2000 	C:\WINDOWS\system32\icm32.dll
0x000007fef86b0000 - 0x000007fef87d5000 	C:\WINDOWS\system32\dbghelp.dll

VM Arguments:
jvm_args: -Dfile.encoding=Cp1252 
java_command: com.mygdx.game.desktop.DesktopLauncher
java_class_path (initial): D:\GitKraken\AdventuresOf\desktop\bin\main;D:\GitKraken\AdventuresOf\desktop\bin\default;D:\GitKraken\AdventuresOf\core\bin\default;D:\GitKraken\AdventuresOf\core\bin\main;C:\Users\jakirk\.gradle\caches\modules-2\files-2.1\com.badlogicgames.gdx\gdx-backend-lwjgl\1.9.8\b7c138f14ed67ad830ae7597da3d86ae02b20eee\gdx-backend-lwjgl-1.9.8.jar;C:\Users\jakirk\.gradle\caches\modules-2\files-2.1\com.badlogicgames.gdx\gdx-platform\1.9.8\604a2ef2c7c92a5900114757cbd3fb4dcbb8270c\gdx-platform-1.9.8-natives-desktop.jar;C:\Users\jakirk\.gradle\caches\modules-2\files-2.1\com.badlogicgames.gdx\gdx-box2d-platform\1.9.8\3195b56f82751d7cd7de85edb6824d17bf479781\gdx-box2d-platform-1.9.8-natives-desktop.jar;C:\Users\jakirk\.gradle\caches\modules-2\files-2.1\com.badlogicgames.gdx\gdx-box2d\1.9.8\6f0497b7958216464101adfb7bdc3a0f7b88d6d3\gdx-box2d-1.9.8.jar;C:\Users\jakirk\.gradle\caches\modules-2\files-2.1\com.badlogicgames.gdx\gdx\1.9.8\a35a0076fbce873f9c2d5a1a1c8066244231bb3c\gdx-1.9.8.jar;C:\Users\jakirk\.gradle\caches\modules-2\files-2.1\org.lwjgl.lwjgl\lwjgl_util\2.9.2\4b9e37300a87799856e0bd15ed81663cdb6b0947\lwjgl_util-2.9.2.jar;C:\Users\jakirk\.gradle\caches\modules-2\files-2.1\org.lwjgl.lwjgl\lwjgl\2.9.2\a9d80fe5935c7a9149f6584d9777cfd471f65489\lwjgl-2.9.2.jar;C:\Users\jakirk\.gradle\caches\modules-2\files-2.1\com.badlogicgames.jlayer\jlayer\1.0.1-gdx\7cca83cec5c1b2f011362f4d85aabd71a73b049d\jlayer-1.0.1-gdx.jar;C:\Users\jakirk\.gradle\caches\modules-2\files-2.1\org.jcraft\jorbis\0.0.17\8872d22b293e8f5d7d56ff92be966e6dc28ebdc6\jorbis-0.0.17.jar;C:\Users\jakirk\.gradle\caches\modules-2\files-2.1\org.lwjgl.lwjgl\lwjgl-platform\2.9.2\510c7d317f5e9e700b9cfaac5fd38bdebf0702e0\lwjgl-platform-2.9.2-natives-windows.jar;C:\Users\jakirk\.gradle\caches\modules-2\files-2.1\org.lwjgl.lwjgl\lwjgl-platform\2.9.2\d276cdf61fe2b516c7b7f4aa1b8dea91dbdc8d56\lwjgl-platform-2.9.2-natives-linux.jar;C:\Users\jakirk\.gradle\caches\modules-2\files-2.1\org.lwjgl.lwjgl\lwjgl-platfo
Launcher Type: SUN_STANDARD

Environment Variables:
JAVA_HOME=C:\Program Files (x86)\Java\jdk1.8.0_131
PATH=C:/Program Files/Java/jdk1.8.0_181/jre/bin/server;C:/Program Files/Java/jdk1.8.0_181/jre/bin;C:/Program Files/Java/jdk1.8.0_181/jre/lib/amd64;C:\Program Files (x86)\Common Files\Oracle\Java\javapath;C:\Program Files (x86)\Business Objects\common\3.5\bin\NOTES\;C:\Program Files (x86)\Business Objects\common\3.5\bin\NOTES\DATA\;C:\oracle\product\11.2.0\client_1\;C:\oracle\product\11.2.0\client_1\bin\;C:\ProgramData\Oracle\Java\javapath;C:\oraclexe\app\oracle\product\11.2.0\server\bin;D:\Users\jakirk\Documents\product\12.1.0\dbhome_1\bin;C:\WINDOWS\system32;C:\WINDOWS;C:\WINDOWS\System32\Wbem;C:\WINDOWS\System32\WindowsPowerShell\v1.0\;C:\WINDOWS\System32\WindowsPowerShell\v1.0\;C:\Program Files (x86)\OpenVPN\bin;C:\Program Files\TortoiseSVN\bin;C:\Program Files (x86)\Java\jdk1.8.0_131\bin\;C:\Program Files\Microsoft SQL Server\130\Tools\Binn\;C:\Program Files\dotnet\;C:\Program Files\Git\cmd;C:\Program Files\nodejs\;C:\oracle\product\11.2.0\client_1;C:\Oracle\product\11.2.0\client_1\bin;C:\WINDOWS\system32;C:\WINDOWS;C:\WINDOWS\System32\Wbem;C:\WINDOWS\System32\WindowsPowerShell\v1.0\;C:\Program Files\apache-maven-3.5.0\bin;C:\WINDOWS\System32\WindowsPowerShell\v1.0\;C:\xampp\php;C:\ProgramData\ComposerSetup\bin;C:\WINDOWS\System32\WindowsPowerShell\v1.0\;C:\Users\jakirk\AppData\Local\atom\bin;C:\Users\jakirk\AppData\Roaming\npm;C:\Program Files\apache-maven-3.5.0\bin;C:\Users\jakirk\AppData\Local\GitHubDesktop\bin;C:\Program Files\Microsoft VS Code\bin;C:\Users\jakirk\AppData\Roaming\Composer\vendor\bin;C:\WINDOWS\system32;
USERNAME=JAKIRK
OS=Windows_NT
PROCESSOR_IDENTIFIER=Intel64 Family 6 Model 61 Stepping 4, GenuineIntel



---------------  S Y S T E M  ---------------

OS: Windows 7 , 64 bit Build 7601 (6.1.7601.24291)

CPU:total 4 (initial active 4) (2 cores per cpu, 2 threads per core) family 6 model 61 stepping 4, cmov, cx8, fxsr, mmx, sse, sse2, sse3, ssse3, sse4.1, sse4.2, popcnt, avx, avx2, aes, clmul, erms, rtm, 3dnowpref, lzcnt, ht, tsc, tscinvbit, bmi1, bmi2, adx

Memory: 4k page, physical 8077508k(1485732k free), swap 16464212k(4999496k free)

vm_info: Java HotSpot(TM) 64-Bit Server VM (25.181-b13) for windows-amd64 JRE (1.8.0_181-b13), built on Jul  7 2018 04:01:33 by "java_re" with MS VC++ 10.0 (VS2010)

time: Sun Jan 13 20:30:09 2019
elapsed time: 570 seconds (0d 0h 9m 30s)

